2026-02-14 20:21:31,927 - __main__ - INFO - Redis client initialized successfully
2026-02-14 20:21:31,927 - __main__ - INFO - Starting Yandex Mail IMAP parser...
2026-02-14 20:21:31,929 - __main__ - INFO - Polling interval: 120 seconds
2026-02-14 20:21:31,929 - __main__ - INFO - Folder: INBOX
2026-02-14 20:21:31,929 - __main__ - INFO - Whitelist: e81r@mail.ru
2026-02-14 20:21:31,929 - __main__ - INFO - Connecting to IMAP server imap.yandex.ru (attempt 1/3)...
2026-02-14 20:21:32,721 - __main__ - ERROR - IMAP authentication error: b'[AUTHENTICATIONFAILED] LOGIN invalid credentials or IMAP is disabled sc=WLVHPo6YvKo0_2026-02-14-12-21_imap-production-main-240'
2026-02-14 20:21:32,724 - __main__ - ERROR - Failed to connect to IMAP, retrying in 60 seconds...
2026-02-14 20:22:32,725 - __main__ - INFO - Connecting to IMAP server imap.yandex.ru (attempt 1/3)...
2026-02-14 20:22:33,530 - __main__ - ERROR - IMAP authentication error: b'[AUTHENTICATIONFAILED] LOGIN invalid credentials or IMAP is disabled sc=WMVvTU5qHOs0_2026-02-14-12-22_imap-production-main-495'
2026-02-14 20:22:33,531 - __main__ - ERROR - Failed to connect to IMAP, retrying in 60 seconds...
2026-02-14 20:23:33,532 - __main__ - INFO - Connecting to IMAP server imap.yandex.ru (attempt 1/3)...
2026-02-14 20:23:35,318 - __main__ - ERROR - IMAP authentication error: b'[AUTHENTICATIONFAILED] LOGIN invalid credentials or IMAP is disabled sc=XNV9hX0bxSw0_2026-02-14-12-23_imap-production-main-673'
2026-02-14 20:23:35,318 - __main__ - ERROR - Failed to connect to IMAP, retrying in 60 seconds...
2026-02-14 20:24:35,322 - __main__ - INFO - Connecting to IMAP server imap.yandex.ru (attempt 1/3)...
2026-02-14 20:24:36,056 - __main__ - ERROR - IMAP authentication error: b'[AUTHENTICATIONFAILED] LOGIN invalid credentials or IMAP is disabled sc=ZOViij0TuOs0_2026-02-14-12-24_imap-production-main-70'
2026-02-14 20:24:36,056 - __main__ - ERROR - Failed to connect to IMAP, retrying in 60 seconds...
2026-02-14 20:25:36,060 - __main__ - INFO - Connecting to IMAP server imap.yandex.ru (attempt 1/3)...
2026-02-14 20:25:36,746 - __main__ - ERROR - IMAP authentication error: b'[AUTHENTICATIONFAILED] LOGIN invalid credentials or IMAP is disabled sc=aPVR8V3LjOs0_2026-02-14-12-25_imap-production-main-13'
2026-02-14 20:25:36,746 - __main__ - ERROR - Failed to connect to IMAP, retrying in 60 seconds...
2026-02-14 20:26:32,340 - __main__ - INFO - Parser stopped by user
2026-02-14 20:28:15,441 - __main__ - INFO - Redis client initialized successfully
2026-02-14 20:28:15,441 - __main__ - INFO - Starting Yandex Mail IMAP parser...
2026-02-14 20:28:15,441 - __main__ - INFO - Polling interval: 120 seconds
2026-02-14 20:28:15,441 - __main__ - INFO - Folder: INBOX
2026-02-14 20:28:15,441 - __main__ - INFO - Whitelist: e81r@mail.ru
2026-02-14 20:28:15,441 - __main__ - INFO - Connecting to IMAP server imap.yandex.ru (attempt 1/3)...
2026-02-14 20:28:16,706 - __main__ - INFO - Successfully connected to IMAP server
2026-02-14 20:28:17,417 - __main__ - INFO - Found 3 new email(s)
2026-02-14 20:28:17,630 - __main__ - INFO - Message sent to queue: Заказ
2026-02-14 20:28:17,902 - __main__ - INFO - Successfully processed email from "Rymarev, Evgeniy G" <e81r@mail.ru>, subject: Заказ, attachments: 0
2026-02-14 20:28:18,102 - __main__ - INFO - Email from Яндекс ID  <noreply@id.yandex.ru> not in whitelist, skipping
2026-02-14 20:28:18,584 - __main__ - INFO - Email from Яндекс ID  <noreply@id.yandex.ru> not in whitelist, skipping
2026-02-14 20:29:43,386 - __main__ - INFO - Parser stopped by user
2026-02-15 08:04:48,058 - __main__ - INFO - Redis client initialized successfully
2026-02-15 08:04:48,058 - __main__ - INFO - Starting Yandex Mail IMAP parser...
2026-02-15 08:04:48,058 - __main__ - INFO - Polling interval: 120 seconds
2026-02-15 08:04:48,058 - __main__ - INFO - Folder: INBOX
2026-02-15 08:04:48,058 - __main__ - INFO - Whitelist: e81r@mail.ru
2026-02-15 08:04:48,059 - __main__ - INFO - Connecting to IMAP server imap.yandex.ru (attempt 1/3)...
2026-02-15 08:04:48,778 - __main__ - INFO - Successfully connected to IMAP server
2026-02-15 08:06:49,743 - __main__ - ERROR - Error in process_emails: command: SELECT => socket error: EOF
Traceback (most recent call last):
  File "C:\Users\reg-81_new\AppData\Local\Programs\Python\Python312\Lib\imaplib.py", line 1047, in _command_complete
    typ, data = self._get_tagged_response(tag, expect_bye=logout)
                ^^^^^^^^^^^^^^^^^^^^^^^^^^^^^^^^^^^^^^^^^^^^^^^^^
  File "C:\Users\reg-81_new\AppData\Local\Programs\Python\Python312\Lib\imaplib.py", line 1173, in _get_tagged_response
    self._get_response()
  File "C:\Users\reg-81_new\AppData\Local\Programs\Python\Python312\Lib\imaplib.py", line 1075, in _get_response
    resp = self._get_line()
           ^^^^^^^^^^^^^^^^
  File "C:\Users\reg-81_new\AppData\Local\Programs\Python\Python312\Lib\imaplib.py", line 1185, in _get_line
    raise self.abort('socket error: EOF')
imaplib.IMAP4.abort: socket error: EOF

During handling of the above exception, another exception occurred:

Traceback (most recent call last):
  File "C:\Users\reg-81_new\Desktop\Sinchro_Yandex\reg-81_new\AI_Works_Tasks\SmartOrder Engine\execution\yandex_mail_parser.py", line 302, in process_emails
    status, messages = mail.select(YANDEX_MAIL_FOLDER)
                       ^^^^^^^^^^^^^^^^^^^^^^^^^^^^^^^
  File "C:\Users\reg-81_new\AppData\Local\Programs\Python\Python312\Lib\imaplib.py", line 756, in select
    typ, dat = self._simple_command(name, mailbox)
               ^^^^^^^^^^^^^^^^^^^^^^^^^^^^^^^^^^^
  File "C:\Users\reg-81_new\AppData\Local\Programs\Python\Python312\Lib\imaplib.py", line 1230, in _simple_command
    return self._command_complete(name, self._command(name, *args))
           ^^^^^^^^^^^^^^^^^^^^^^^^^^^^^^^^^^^^^^^^^^^^^^^^^^^^^^^^
  File "C:\Users\reg-81_new\AppData\Local\Programs\Python\Python312\Lib\imaplib.py", line 1049, in _command_complete
    raise self.abort('command: %s => %s' % (name, val))
imaplib.IMAP4.abort: command: SELECT => socket error: EOF
2026-02-15 08:08:17,217 - __main__ - INFO - Parser stopped by user
2026-02-15 08:09:05,606 - __main__ - INFO - Redis client initialized successfully
2026-02-15 08:09:05,606 - __main__ - INFO - Starting Yandex Mail IMAP parser...
2026-02-15 08:09:05,606 - __main__ - INFO - Polling interval: 120 seconds
2026-02-15 08:09:05,606 - __main__ - INFO - Folder: INBOX
2026-02-15 08:09:05,606 - __main__ - INFO - Whitelist: e81r@mail.ru
2026-02-15 08:09:05,606 - __main__ - INFO - Connecting to IMAP server imap.yandex.ru (attempt 1/3)...
2026-02-15 08:09:06,349 - __main__ - INFO - Successfully connected to IMAP server
2026-02-15 08:11:07,082 - __main__ - ERROR - Error in process_emails: command: SELECT => socket error: EOF
Traceback (most recent call last):
  File "C:\Users\reg-81_new\AppData\Local\Programs\Python\Python312\Lib\imaplib.py", line 1047, in _command_complete
    typ, data = self._get_tagged_response(tag, expect_bye=logout)
                ^^^^^^^^^^^^^^^^^^^^^^^^^^^^^^^^^^^^^^^^^^^^^^^^^
  File "C:\Users\reg-81_new\AppData\Local\Programs\Python\Python312\Lib\imaplib.py", line 1173, in _get_tagged_response
    self._get_response()
  File "C:\Users\reg-81_new\AppData\Local\Programs\Python\Python312\Lib\imaplib.py", line 1075, in _get_response
    resp = self._get_line()
           ^^^^^^^^^^^^^^^^
  File "C:\Users\reg-81_new\AppData\Local\Programs\Python\Python312\Lib\imaplib.py", line 1185, in _get_line
    raise self.abort('socket error: EOF')
imaplib.IMAP4.abort: socket error: EOF

During handling of the above exception, another exception occurred:

Traceback (most recent call last):
  File "C:\Users\reg-81_new\Desktop\Sinchro_Yandex\reg-81_new\AI_Works_Tasks\SmartOrder Engine\execution\yandex_mail_parser.py", line 302, in process_emails
    status, messages = mail.select(YANDEX_MAIL_FOLDER)
                       ^^^^^^^^^^^^^^^^^^^^^^^^^^^^^^^
  File "C:\Users\reg-81_new\AppData\Local\Programs\Python\Python312\Lib\imaplib.py", line 756, in select
    typ, dat = self._simple_command(name, mailbox)
               ^^^^^^^^^^^^^^^^^^^^^^^^^^^^^^^^^^^
  File "C:\Users\reg-81_new\AppData\Local\Programs\Python\Python312\Lib\imaplib.py", line 1230, in _simple_command
    return self._command_complete(name, self._command(name, *args))
           ^^^^^^^^^^^^^^^^^^^^^^^^^^^^^^^^^^^^^^^^^^^^^^^^^^^^^^^^
  File "C:\Users\reg-81_new\AppData\Local\Programs\Python\Python312\Lib\imaplib.py", line 1049, in _command_complete
    raise self.abort('command: %s => %s' % (name, val))
imaplib.IMAP4.abort: command: SELECT => socket error: EOF
2026-02-15 08:13:07,086 - __main__ - ERROR - Error in process_emails: socket error: EOF occurred in violation of protocol (_ssl.c:2406)
Traceback (most recent call last):
  File "C:\Users\reg-81_new\AppData\Local\Programs\Python\Python312\Lib\imaplib.py", line 1006, in _command
    self.send(data + CRLF)
  File "C:\Users\reg-81_new\AppData\Local\Programs\Python\Python312\Lib\imaplib.py", line 332, in send
    self.sock.sendall(data)
  File "C:\Users\reg-81_new\AppData\Local\Programs\Python\Python312\Lib\ssl.py", line 1212, in sendall
    v = self.send(byte_view[count:])
        ^^^^^^^^^^^^^^^^^^^^^^^^^^^^
  File "C:\Users\reg-81_new\AppData\Local\Programs\Python\Python312\Lib\ssl.py", line 1181, in send
    return self._sslobj.write(data)
           ^^^^^^^^^^^^^^^^^^^^^^^^
ssl.SSLEOFError: EOF occurred in violation of protocol (_ssl.c:2406)

During handling of the above exception, another exception occurred:

Traceback (most recent call last):
  File "C:\Users\reg-81_new\Desktop\Sinchro_Yandex\reg-81_new\AI_Works_Tasks\SmartOrder Engine\execution\yandex_mail_parser.py", line 302, in process_emails
    status, messages = mail.select(YANDEX_MAIL_FOLDER)
                       ^^^^^^^^^^^^^^^^^^^^^^^^^^^^^^^
  File "C:\Users\reg-81_new\AppData\Local\Programs\Python\Python312\Lib\imaplib.py", line 756, in select
    typ, dat = self._simple_command(name, mailbox)
               ^^^^^^^^^^^^^^^^^^^^^^^^^^^^^^^^^^^
  File "C:\Users\reg-81_new\AppData\Local\Programs\Python\Python312\Lib\imaplib.py", line 1230, in _simple_command
    return self._command_complete(name, self._command(name, *args))
                                        ^^^^^^^^^^^^^^^^^^^^^^^^^^
  File "C:\Users\reg-81_new\AppData\Local\Programs\Python\Python312\Lib\imaplib.py", line 1008, in _command
    raise self.abort('socket error: %s' % val)
imaplib.IMAP4.abort: socket error: EOF occurred in violation of protocol (_ssl.c:2406)
2026-02-15 08:33:25,431 - __main__ - INFO - Redis client initialized successfully
2026-02-15 08:33:25,431 - __main__ - INFO - Starting Yandex Mail IMAP parser...
2026-02-15 08:33:25,431 - __main__ - INFO - Polling interval: 120 seconds
2026-02-15 08:33:25,431 - __main__ - INFO - Folder: INBOX
2026-02-15 08:33:25,431 - __main__ - INFO - Whitelist: e81r@mail.ru
2026-02-15 08:33:25,431 - __main__ - INFO - Connecting to IMAP server imap.yandex.ru (attempt 1/3)...
2026-02-15 08:33:26,273 - __main__ - INFO - Successfully connected to IMAP server
2026-02-15 08:35:26,959 - __main__ - ERROR - Error in process_emails: command: SELECT => socket error: EOF
Traceback (most recent call last):
  File "C:\Users\reg-81_new\AppData\Local\Programs\Python\Python312\Lib\imaplib.py", line 1047, in _command_complete
    typ, data = self._get_tagged_response(tag, expect_bye=logout)
                ^^^^^^^^^^^^^^^^^^^^^^^^^^^^^^^^^^^^^^^^^^^^^^^^^
  File "C:\Users\reg-81_new\AppData\Local\Programs\Python\Python312\Lib\imaplib.py", line 1173, in _get_tagged_response
    self._get_response()
  File "C:\Users\reg-81_new\AppData\Local\Programs\Python\Python312\Lib\imaplib.py", line 1075, in _get_response
    resp = self._get_line()
           ^^^^^^^^^^^^^^^^
  File "C:\Users\reg-81_new\AppData\Local\Programs\Python\Python312\Lib\imaplib.py", line 1185, in _get_line
    raise self.abort('socket error: EOF')
imaplib.IMAP4.abort: socket error: EOF

During handling of the above exception, another exception occurred:

Traceback (most recent call last):
  File "C:\Users\reg-81_new\Desktop\Sinchro_Yandex\reg-81_new\AI_Works_Tasks\SmartOrder Engine\execution\yandex_mail_parser.py", line 302, in process_emails
    status, messages = mail.select(YANDEX_MAIL_FOLDER)
                       ^^^^^^^^^^^^^^^^^^^^^^^^^^^^^^^
  File "C:\Users\reg-81_new\AppData\Local\Programs\Python\Python312\Lib\imaplib.py", line 756, in select
    typ, dat = self._simple_command(name, mailbox)
               ^^^^^^^^^^^^^^^^^^^^^^^^^^^^^^^^^^^
  File "C:\Users\reg-81_new\AppData\Local\Programs\Python\Python312\Lib\imaplib.py", line 1230, in _simple_command
    return self._command_complete(name, self._command(name, *args))
           ^^^^^^^^^^^^^^^^^^^^^^^^^^^^^^^^^^^^^^^^^^^^^^^^^^^^^^^^
  File "C:\Users\reg-81_new\AppData\Local\Programs\Python\Python312\Lib\imaplib.py", line 1049, in _command_complete
    raise self.abort('command: %s => %s' % (name, val))
imaplib.IMAP4.abort: command: SELECT => socket error: EOF
2026-02-15 08:37:26,982 - __main__ - ERROR - Error in process_emails: socket error: EOF occurred in violation of protocol (_ssl.c:2406)
Traceback (most recent call last):
  File "C:\Users\reg-81_new\AppData\Local\Programs\Python\Python312\Lib\imaplib.py", line 1006, in _command
    self.send(data + CRLF)
  File "C:\Users\reg-81_new\AppData\Local\Programs\Python\Python312\Lib\imaplib.py", line 332, in send
    self.sock.sendall(data)
  File "C:\Users\reg-81_new\AppData\Local\Programs\Python\Python312\Lib\ssl.py", line 1212, in sendall
    v = self.send(byte_view[count:])
        ^^^^^^^^^^^^^^^^^^^^^^^^^^^^
  File "C:\Users\reg-81_new\AppData\Local\Programs\Python\Python312\Lib\ssl.py", line 1181, in send
    return self._sslobj.write(data)
           ^^^^^^^^^^^^^^^^^^^^^^^^
ssl.SSLEOFError: EOF occurred in violation of protocol (_ssl.c:2406)

During handling of the above exception, another exception occurred:

Traceback (most recent call last):
  File "C:\Users\reg-81_new\Desktop\Sinchro_Yandex\reg-81_new\AI_Works_Tasks\SmartOrder Engine\execution\yandex_mail_parser.py", line 302, in process_emails
    status, messages = mail.select(YANDEX_MAIL_FOLDER)
                       ^^^^^^^^^^^^^^^^^^^^^^^^^^^^^^^
  File "C:\Users\reg-81_new\AppData\Local\Programs\Python\Python312\Lib\imaplib.py", line 756, in select
    typ, dat = self._simple_command(name, mailbox)
               ^^^^^^^^^^^^^^^^^^^^^^^^^^^^^^^^^^^
  File "C:\Users\reg-81_new\AppData\Local\Programs\Python\Python312\Lib\imaplib.py", line 1230, in _simple_command
    return self._command_complete(name, self._command(name, *args))
                                        ^^^^^^^^^^^^^^^^^^^^^^^^^^
  File "C:\Users\reg-81_new\AppData\Local\Programs\Python\Python312\Lib\imaplib.py", line 1008, in _command
    raise self.abort('socket error: %s' % val)
imaplib.IMAP4.abort: socket error: EOF occurred in violation of protocol (_ssl.c:2406)
2026-02-15 08:38:06,363 - __main__ - INFO - Redis client initialized successfully
2026-02-15 08:38:06,363 - __main__ - INFO - Starting Yandex Mail IMAP parser...
2026-02-15 08:38:06,363 - __main__ - INFO - Polling interval: 120 seconds
2026-02-15 08:38:06,363 - __main__ - INFO - Folder: INBOX
2026-02-15 08:38:06,363 - __main__ - INFO - Whitelist: e81r@mail.ru
2026-02-15 08:38:06,370 - __main__ - INFO - Connecting to IMAP server imap.yandex.ru (attempt 1/3)...
2026-02-15 08:38:07,210 - __main__ - INFO - Successfully connected to IMAP server
2026-02-15 08:39:41,525 - __main__ - INFO - Parser stopped by user
2026-02-15 08:43:42,040 - __main__ - INFO - Redis client initialized successfully
2026-02-15 08:43:42,040 - __main__ - INFO - Starting Yandex Mail IMAP parser...
2026-02-15 08:43:42,040 - __main__ - INFO - Polling interval: 120 seconds
2026-02-15 08:43:42,040 - __main__ - INFO - Folder: INBOX
2026-02-15 08:43:42,040 - __main__ - INFO - Whitelist: e81r@mail.ru
2026-02-15 08:43:42,040 - __main__ - INFO - Connecting to IMAP server imap.yandex.ru (attempt 1/3)...
2026-02-15 08:43:42,827 - __main__ - INFO - Successfully connected to IMAP server
2026-02-15 08:47:44,443 - __main__ - ERROR - Error in process_emails: command: SELECT => socket error: EOF
Traceback (most recent call last):
  File "C:\Users\reg-81_new\AppData\Local\Programs\Python\Python312\Lib\imaplib.py", line 1047, in _command_complete
    typ, data = self._get_tagged_response(tag, expect_bye=logout)
                ^^^^^^^^^^^^^^^^^^^^^^^^^^^^^^^^^^^^^^^^^^^^^^^^^
  File "C:\Users\reg-81_new\AppData\Local\Programs\Python\Python312\Lib\imaplib.py", line 1173, in _get_tagged_response
    self._get_response()
  File "C:\Users\reg-81_new\AppData\Local\Programs\Python\Python312\Lib\imaplib.py", line 1075, in _get_response
    resp = self._get_line()
           ^^^^^^^^^^^^^^^^
  File "C:\Users\reg-81_new\AppData\Local\Programs\Python\Python312\Lib\imaplib.py", line 1185, in _get_line
    raise self.abort('socket error: EOF')
imaplib.IMAP4.abort: socket error: EOF

During handling of the above exception, another exception occurred:

Traceback (most recent call last):
  File "C:\Users\reg-81_new\Desktop\Sinchro_Yandex\reg-81_new\AI_Works_Tasks\SmartOrder Engine\execution\yandex_mail_parser.py", line 302, in process_emails
    status, messages = mail.select(YANDEX_MAIL_FOLDER)
                       ^^^^^^^^^^^^^^^^^^^^^^^^^^^^^^^
  File "C:\Users\reg-81_new\AppData\Local\Programs\Python\Python312\Lib\imaplib.py", line 756, in select
    typ, dat = self._simple_command(name, mailbox)
               ^^^^^^^^^^^^^^^^^^^^^^^^^^^^^^^^^^^
  File "C:\Users\reg-81_new\AppData\Local\Programs\Python\Python312\Lib\imaplib.py", line 1230, in _simple_command
    return self._command_complete(name, self._command(name, *args))
           ^^^^^^^^^^^^^^^^^^^^^^^^^^^^^^^^^^^^^^^^^^^^^^^^^^^^^^^^
  File "C:\Users\reg-81_new\AppData\Local\Programs\Python\Python312\Lib\imaplib.py", line 1049, in _command_complete
    raise self.abort('command: %s => %s' % (name, val))
imaplib.IMAP4.abort: command: SELECT => socket error: EOF
2026-02-15 08:49:44,449 - __main__ - ERROR - Error in process_emails: socket error: EOF occurred in violation of protocol (_ssl.c:2406)
Traceback (most recent call last):
  File "C:\Users\reg-81_new\AppData\Local\Programs\Python\Python312\Lib\imaplib.py", line 1006, in _command
    self.send(data + CRLF)
  File "C:\Users\reg-81_new\AppData\Local\Programs\Python\Python312\Lib\imaplib.py", line 332, in send
    self.sock.sendall(data)
  File "C:\Users\reg-81_new\AppData\Local\Programs\Python\Python312\Lib\ssl.py", line 1212, in sendall
    v = self.send(byte_view[count:])
        ^^^^^^^^^^^^^^^^^^^^^^^^^^^^
  File "C:\Users\reg-81_new\AppData\Local\Programs\Python\Python312\Lib\ssl.py", line 1181, in send
    return self._sslobj.write(data)
           ^^^^^^^^^^^^^^^^^^^^^^^^
ssl.SSLEOFError: EOF occurred in violation of protocol (_ssl.c:2406)

During handling of the above exception, another exception occurred:

Traceback (most recent call last):
  File "C:\Users\reg-81_new\Desktop\Sinchro_Yandex\reg-81_new\AI_Works_Tasks\SmartOrder Engine\execution\yandex_mail_parser.py", line 302, in process_emails
    status, messages = mail.select(YANDEX_MAIL_FOLDER)
                       ^^^^^^^^^^^^^^^^^^^^^^^^^^^^^^^
  File "C:\Users\reg-81_new\AppData\Local\Programs\Python\Python312\Lib\imaplib.py", line 756, in select
    typ, dat = self._simple_command(name, mailbox)
               ^^^^^^^^^^^^^^^^^^^^^^^^^^^^^^^^^^^
  File "C:\Users\reg-81_new\AppData\Local\Programs\Python\Python312\Lib\imaplib.py", line 1230, in _simple_command
    return self._command_complete(name, self._command(name, *args))
                                        ^^^^^^^^^^^^^^^^^^^^^^^^^^
  File "C:\Users\reg-81_new\AppData\Local\Programs\Python\Python312\Lib\imaplib.py", line 1008, in _command
    raise self.abort('socket error: %s' % val)
imaplib.IMAP4.abort: socket error: EOF occurred in violation of protocol (_ssl.c:2406)
2026-02-15 08:56:23,509 - __main__ - INFO - Redis client initialized successfully
2026-02-15 08:56:23,510 - __main__ - INFO - Starting Yandex Mail IMAP parser...
2026-02-15 08:56:23,510 - __main__ - INFO - Polling interval: 120 seconds
2026-02-15 08:56:23,510 - __main__ - INFO - Folder: INBOX
2026-02-15 08:56:23,510 - __main__ - INFO - Whitelist: e81r@mail.ru
2026-02-15 08:56:23,510 - __main__ - INFO - Connecting to IMAP server imap.yandex.ru (attempt 1/3)...
2026-02-15 08:56:24,256 - __main__ - INFO - Successfully connected to IMAP server
2026-02-15 08:58:25,066 - __main__ - ERROR - Error in process_emails: command: SELECT => socket error: EOF
Traceback (most recent call last):
  File "C:\Users\reg-81_new\AppData\Local\Programs\Python\Python312\Lib\imaplib.py", line 1047, in _command_complete
    typ, data = self._get_tagged_response(tag, expect_bye=logout)
                ^^^^^^^^^^^^^^^^^^^^^^^^^^^^^^^^^^^^^^^^^^^^^^^^^
  File "C:\Users\reg-81_new\AppData\Local\Programs\Python\Python312\Lib\imaplib.py", line 1173, in _get_tagged_response
    self._get_response()
  File "C:\Users\reg-81_new\AppData\Local\Programs\Python\Python312\Lib\imaplib.py", line 1075, in _get_response
    resp = self._get_line()
           ^^^^^^^^^^^^^^^^
  File "C:\Users\reg-81_new\AppData\Local\Programs\Python\Python312\Lib\imaplib.py", line 1185, in _get_line
    raise self.abort('socket error: EOF')
imaplib.IMAP4.abort: socket error: EOF

During handling of the above exception, another exception occurred:

Traceback (most recent call last):
  File "C:\Users\reg-81_new\Desktop\Sinchro_Yandex\reg-81_new\AI_Works_Tasks\SmartOrder Engine\execution\yandex_mail_parser.py", line 302, in process_emails
    status, messages = mail.select(YANDEX_MAIL_FOLDER)
                       ^^^^^^^^^^^^^^^^^^^^^^^^^^^^^^^
  File "C:\Users\reg-81_new\AppData\Local\Programs\Python\Python312\Lib\imaplib.py", line 756, in select
    typ, dat = self._simple_command(name, mailbox)
               ^^^^^^^^^^^^^^^^^^^^^^^^^^^^^^^^^^^
  File "C:\Users\reg-81_new\AppData\Local\Programs\Python\Python312\Lib\imaplib.py", line 1230, in _simple_command
    return self._command_complete(name, self._command(name, *args))
           ^^^^^^^^^^^^^^^^^^^^^^^^^^^^^^^^^^^^^^^^^^^^^^^^^^^^^^^^
  File "C:\Users\reg-81_new\AppData\Local\Programs\Python\Python312\Lib\imaplib.py", line 1049, in _command_complete
    raise self.abort('command: %s => %s' % (name, val))
imaplib.IMAP4.abort: command: SELECT => socket error: EOF
2026-02-15 08:59:12,558 - __main__ - INFO - Parser stopped by user
2026-02-15 08:59:21,850 - __main__ - INFO - Redis client initialized successfully
2026-02-15 08:59:21,850 - __main__ - INFO - Starting Yandex Mail IMAP parser...
2026-02-15 08:59:21,851 - __main__ - INFO - Polling interval: 120 seconds
2026-02-15 08:59:21,851 - __main__ - INFO - Folder: INBOX
2026-02-15 08:59:21,851 - __main__ - INFO - Whitelist: e81r@mail.ru
2026-02-15 08:59:21,851 - __main__ - INFO - Connecting to IMAP server imap.yandex.ru (attempt 1/3)...
2026-02-15 08:59:22,597 - __main__ - INFO - Successfully connected to IMAP server
2026-02-15 09:05:24,260 - __main__ - ERROR - Error in process_emails: command: SELECT => socket error: EOF
Traceback (most recent call last):
  File "C:\Users\reg-81_new\AppData\Local\Programs\Python\Python312\Lib\imaplib.py", line 1047, in _command_complete
    typ, data = self._get_tagged_response(tag, expect_bye=logout)
                ^^^^^^^^^^^^^^^^^^^^^^^^^^^^^^^^^^^^^^^^^^^^^^^^^
  File "C:\Users\reg-81_new\AppData\Local\Programs\Python\Python312\Lib\imaplib.py", line 1173, in _get_tagged_response
    self._get_response()
  File "C:\Users\reg-81_new\AppData\Local\Programs\Python\Python312\Lib\imaplib.py", line 1075, in _get_response
    resp = self._get_line()
           ^^^^^^^^^^^^^^^^
  File "C:\Users\reg-81_new\AppData\Local\Programs\Python\Python312\Lib\imaplib.py", line 1185, in _get_line
    raise self.abort('socket error: EOF')
imaplib.IMAP4.abort: socket error: EOF

During handling of the above exception, another exception occurred:

Traceback (most recent call last):
  File "C:\Users\reg-81_new\Desktop\Sinchro_Yandex\reg-81_new\AI_Works_Tasks\SmartOrder Engine\execution\yandex_mail_parser.py", line 302, in process_emails
    status, messages = mail.select(YANDEX_MAIL_FOLDER)
                       ^^^^^^^^^^^^^^^^^^^^^^^^^^^^^^^
  File "C:\Users\reg-81_new\AppData\Local\Programs\Python\Python312\Lib\imaplib.py", line 756, in select
    typ, dat = self._simple_command(name, mailbox)
               ^^^^^^^^^^^^^^^^^^^^^^^^^^^^^^^^^^^
  File "C:\Users\reg-81_new\AppData\Local\Programs\Python\Python312\Lib\imaplib.py", line 1230, in _simple_command
    return self._command_complete(name, self._command(name, *args))
           ^^^^^^^^^^^^^^^^^^^^^^^^^^^^^^^^^^^^^^^^^^^^^^^^^^^^^^^^
  File "C:\Users\reg-81_new\AppData\Local\Programs\Python\Python312\Lib\imaplib.py", line 1049, in _command_complete
    raise self.abort('command: %s => %s' % (name, val))
imaplib.IMAP4.abort: command: SELECT => socket error: EOF
2026-02-15 09:07:24,263 - __main__ - ERROR - Error in process_emails: socket error: EOF occurred in violation of protocol (_ssl.c:2406)
Traceback (most recent call last):
  File "C:\Users\reg-81_new\AppData\Local\Programs\Python\Python312\Lib\imaplib.py", line 1006, in _command
    self.send(data + CRLF)
  File "C:\Users\reg-81_new\AppData\Local\Programs\Python\Python312\Lib\imaplib.py", line 332, in send
    self.sock.sendall(data)
  File "C:\Users\reg-81_new\AppData\Local\Programs\Python\Python312\Lib\ssl.py", line 1212, in sendall
    v = self.send(byte_view[count:])
        ^^^^^^^^^^^^^^^^^^^^^^^^^^^^
  File "C:\Users\reg-81_new\AppData\Local\Programs\Python\Python312\Lib\ssl.py", line 1181, in send
    return self._sslobj.write(data)
           ^^^^^^^^^^^^^^^^^^^^^^^^
ssl.SSLEOFError: EOF occurred in violation of protocol (_ssl.c:2406)

During handling of the above exception, another exception occurred:

Traceback (most recent call last):
  File "C:\Users\reg-81_new\Desktop\Sinchro_Yandex\reg-81_new\AI_Works_Tasks\SmartOrder Engine\execution\yandex_mail_parser.py", line 302, in process_emails
    status, messages = mail.select(YANDEX_MAIL_FOLDER)
                       ^^^^^^^^^^^^^^^^^^^^^^^^^^^^^^^
  File "C:\Users\reg-81_new\AppData\Local\Programs\Python\Python312\Lib\imaplib.py", line 756, in select
    typ, dat = self._simple_command(name, mailbox)
               ^^^^^^^^^^^^^^^^^^^^^^^^^^^^^^^^^^^
  File "C:\Users\reg-81_new\AppData\Local\Programs\Python\Python312\Lib\imaplib.py", line 1230, in _simple_command
    return self._command_complete(name, self._command(name, *args))
                                        ^^^^^^^^^^^^^^^^^^^^^^^^^^
  File "C:\Users\reg-81_new\AppData\Local\Programs\Python\Python312\Lib\imaplib.py", line 1008, in _command
    raise self.abort('socket error: %s' % val)
imaplib.IMAP4.abort: socket error: EOF occurred in violation of protocol (_ssl.c:2406)
